Flow report for light_rotator
Wed Aug 17 11:44:37 2016
Quartus II 64-Bit Version 13.0.1 Build 232 06/12/2013 Service Pack 1 SJ Web Edition


---------------------
; Table of Contents ;
---------------------
  1. Legal Notice
  2. Flow Summary
  3. Flow Settings
  4. Flow Non-Default Global Settings
  5. Flow Elapsed Time
  6. Flow OS Summary
  7. Flow Log
  8. Flow Messages
  9. Flow Suppressed Messages



----------------
; Legal Notice ;
----------------
Copyright (C) 1991-2013 Altera Corporation
Your use of Altera Corporation's design tools, logic functions 
and other software and tools, and its AMPP partner logic 
functions, and any output files from any of the foregoing 
(including device programming or simulation files), and any 
associated documentation or information are expressly subject 
to the terms and conditions of the Altera Program License 
Subscription Agreement, Altera MegaCore Function License 
Agreement, or other applicable license agreement, including, 
without limitation, that your use is for the sole purpose of 
programming logic devices manufactured by Altera and sold by 
Altera or its authorized distributors.  Please refer to the 
applicable agreement for further details.



+--------------------------------------------------------------------------------------+
; Flow Summary                                                                         ;
+------------------------------------+-------------------------------------------------+
; Flow Status                        ; Successful - Wed Aug 17 11:44:37 2016           ;
; Quartus II 64-Bit Version          ; 13.0.1 Build 232 06/12/2013 SP 1 SJ Web Edition ;
; Revision Name                      ; light_rotator                                   ;
; Top-level Entity Name              ; light_rotator                                   ;
; Family                             ; Cyclone III                                     ;
; Device                             ; EP3C16F484C6                                    ;
; Timing Models                      ; Final                                           ;
; Total logic elements               ; 61 / 15,408 ( < 1 % )                           ;
;     Total combinational functions  ; 60 / 15,408 ( < 1 % )                           ;
;     Dedicated logic registers      ; 35 / 15,408 ( < 1 % )                           ;
; Total registers                    ; 35                                              ;
; Total pins                         ; 10 / 347 ( 3 % )                                ;
; Total virtual pins                 ; 0                                               ;
; Total memory bits                  ; 0 / 516,096 ( 0 % )                             ;
; Embedded Multiplier 9-bit elements ; 0 / 112 ( 0 % )                                 ;
; Total PLLs                         ; 0 / 4 ( 0 % )                                   ;
+------------------------------------+-------------------------------------------------+


+-----------------------------------------+
; Flow Settings                           ;
+-------------------+---------------------+
; Option            ; Setting             ;
+-------------------+---------------------+
; Start date & time ; 08/17/2016 11:44:15 ;
; Main task         ; Compilation         ;
; Revision Name     ; light_rotator       ;
+-------------------+---------------------+


+----------------------------------------------------------------------------------------------------------------------------+
; Flow Non-Default Global Settings                                                                                           ;
+-------------------------------------+---------------------------------------+---------------+-------------+----------------+
; Assignment Name                     ; Value                                 ; Default Value ; Entity Name ; Section Id     ;
+-------------------------------------+---------------------------------------+---------------+-------------+----------------+
; COMPILER_SIGNATURE_ID               ; 964510536590.147144505504296          ; --            ; --          ; --             ;
; EDA_OUTPUT_DATA_FORMAT              ; Vhdl                                  ; --            ; --          ; eda_simulation ;
; EDA_SIMULATION_TOOL                 ; ModelSim-Altera (VHDL)                ; <None>        ; --          ; --             ;
; MAX_CORE_JUNCTION_TEMP              ; 85                                    ; --            ; --          ; --             ;
; MIN_CORE_JUNCTION_TEMP              ; 0                                     ; --            ; --          ; --             ;
; NOMINAL_CORE_SUPPLY_VOLTAGE         ; 1.2V                                  ; --            ; --          ; --             ;
; PARTITION_COLOR                     ; 16764057                              ; --            ; --          ; Top            ;
; PARTITION_FITTER_PRESERVATION_LEVEL ; PLACEMENT_AND_ROUTING                 ; --            ; --          ; Top            ;
; PARTITION_NETLIST_TYPE              ; SOURCE                                ; --            ; --          ; Top            ;
; POWER_BOARD_THERMAL_MODEL           ; None (CONSERVATIVE)                   ; --            ; --          ; --             ;
; POWER_PRESET_COOLING_SOLUTION       ; 23 MM HEAT SINK WITH 200 LFPM AIRFLOW ; --            ; --          ; --             ;
; PROJECT_OUTPUT_DIRECTORY            ; output_files                          ; --            ; --          ; --             ;
+-------------------------------------+---------------------------------------+---------------+-------------+----------------+


+-------------------------------------------------------------------------------------------------------------------------------+
; Flow Elapsed Time                                                                                                             ;
+---------------------------+--------------+-------------------------+---------------------+------------------------------------+
; Module Name               ; Elapsed Time ; Average Processors Used ; Peak Virtual Memory ; Total CPU Time (on all processors) ;
+---------------------------+--------------+-------------------------+---------------------+------------------------------------+
; Analysis & Synthesis      ; 00:00:03     ; 1.0                     ; 479 MB              ; 00:00:02                           ;
; Fitter                    ; 00:00:08     ; 1.0                     ; 705 MB              ; 00:00:07                           ;
; Assembler                 ; 00:00:01     ; 1.0                     ; 418 MB              ; 00:00:01                           ;
; TimeQuest Timing Analyzer ; 00:00:07     ; 1.0                     ; 452 MB              ; 00:00:02                           ;
; EDA Netlist Writer        ; 00:00:01     ; 1.0                     ; 376 MB              ; 00:00:01                           ;
; Total                     ; 00:00:20     ; --                      ; --                  ; 00:00:13                           ;
+---------------------------+--------------+-------------------------+---------------------+------------------------------------+


+----------------------------------------------------------------------------------------+
; Flow OS Summary                                                                        ;
+---------------------------+------------------+-----------+------------+----------------+
; Module Name               ; Machine Hostname ; OS Name   ; OS Version ; Processor type ;
+---------------------------+------------------+-----------+------------+----------------+
; Analysis & Synthesis      ; diogo-N450       ; Windows 7 ; 6.1        ; x86_64         ;
; Fitter                    ; diogo-N450       ; Windows 7 ; 6.1        ; x86_64         ;
; Assembler                 ; diogo-N450       ; Windows 7 ; 6.1        ; x86_64         ;
; TimeQuest Timing Analyzer ; diogo-N450       ; Windows 7 ; 6.1        ; x86_64         ;
; EDA Netlist Writer        ; diogo-N450       ; Windows 7 ; 6.1        ; x86_64         ;
+---------------------------+------------------+-----------+------------+----------------+


------------
; Flow Log ;
------------
quartus_map --read_settings_files=on --write_settings_files=off light_rotator -c light_rotator
quartus_fit --read_settings_files=off --write_settings_files=off light_rotator -c light_rotator
quartus_asm --read_settings_files=off --write_settings_files=off light_rotator -c light_rotator
quartus_sta light_rotator -c light_rotator
quartus_eda --read_settings_files=off --write_settings_files=off light_rotator -c light_rotator



