Analysis & Synthesis report for light_rotator
Wed Aug 17 11:44:17 2016
Quartus II 64-Bit Version 13.0.1 Build 232 06/12/2013 Service Pack 1 SJ Web Edition


---------------------
; Table of Contents ;
---------------------
  1. Legal Notice
  2. Analysis & Synthesis Summary
  3. Analysis & Synthesis Settings
  4. Parallel Compilation
  5. Analysis & Synthesis Source Files Read
  6. Analysis & Synthesis Resource Usage Summary
  7. Analysis & Synthesis Resource Utilization by Entity
  8. State Machine - |light_rotator|prev_state
  9. Registers Removed During Synthesis
 10. General Register Statistics
 11. Multiplexer Restructuring Statistics (Restructuring Performed)
 12. Parameter Settings for User Entity Instance: frequency_divider:lr_freq_divider
 13. Parameter Settings for User Entity Instance: debouncer:lr_debouncer
 14. Port Connectivity Checks: "debouncer:lr_debouncer"
 15. Elapsed Time Per Partition
 16. Analysis & Synthesis Equations
 17. Analysis & Synthesis Messages



----------------
; Legal Notice ;
----------------
Copyright (C) 1991-2013 Altera Corporation
Your use of Altera Corporation's design tools, logic functions 
and other software and tools, and its AMPP partner logic 
functions, and any output files from any of the foregoing 
(including device programming or simulation files), and any 
associated documentation or information are expressly subject 
to the terms and conditions of the Altera Program License 
Subscription Agreement, Altera MegaCore Function License 
Agreement, or other applicable license agreement, including, 
without limitation, that your use is for the sole purpose of 
programming logic devices manufactured by Altera and sold by 
Altera or its authorized distributors.  Please refer to the 
applicable agreement for further details.



+--------------------------------------------------------------------------------------+
; Analysis & Synthesis Summary                                                         ;
+------------------------------------+-------------------------------------------------+
; Analysis & Synthesis Status        ; Successful - Wed Aug 17 11:44:17 2016           ;
; Quartus II 64-Bit Version          ; 13.0.1 Build 232 06/12/2013 SP 1 SJ Web Edition ;
; Revision Name                      ; light_rotator                                   ;
; Top-level Entity Name              ; light_rotator                                   ;
; Family                             ; Cyclone III                                     ;
; Total logic elements               ; 60                                              ;
;     Total combinational functions  ; 60                                              ;
;     Dedicated logic registers      ; 35                                              ;
; Total registers                    ; 35                                              ;
; Total pins                         ; 10                                              ;
; Total virtual pins                 ; 0                                               ;
; Total memory bits                  ; 0                                               ;
; Embedded Multiplier 9-bit elements ; 0                                               ;
; Total PLLs                         ; 0                                               ;
+------------------------------------+-------------------------------------------------+


+----------------------------------------------------------------------------------------------------------------------+
; Analysis & Synthesis Settings                                                                                        ;
+----------------------------------------------------------------------------+--------------------+--------------------+
; Option                                                                     ; Setting            ; Default Value      ;
+----------------------------------------------------------------------------+--------------------+--------------------+
; Device                                                                     ; EP3C16F484C6       ;                    ;
; Top-level entity name                                                      ; light_rotator      ; light_rotator      ;
; Family name                                                                ; Cyclone III        ; Cyclone IV GX      ;
; Use smart compilation                                                      ; Off                ; Off                ;
; Enable parallel Assembler and TimeQuest Timing Analyzer during compilation ; On                 ; On                 ;
; Enable compact report table                                                ; Off                ; Off                ;
; Restructure Multiplexers                                                   ; Auto               ; Auto               ;
; Create Debugging Nodes for IP Cores                                        ; Off                ; Off                ;
; Preserve fewer node names                                                  ; On                 ; On                 ;
; Disable OpenCore Plus hardware evaluation                                  ; Off                ; Off                ;
; Verilog Version                                                            ; Verilog_2001       ; Verilog_2001       ;
; VHDL Version                                                               ; VHDL_1993          ; VHDL_1993          ;
; State Machine Processing                                                   ; Auto               ; Auto               ;
; Safe State Machine                                                         ; Off                ; Off                ;
; Extract Verilog State Machines                                             ; On                 ; On                 ;
; Extract VHDL State Machines                                                ; On                 ; On                 ;
; Ignore Verilog initial constructs                                          ; Off                ; Off                ;
; Iteration limit for constant Verilog loops                                 ; 5000               ; 5000               ;
; Iteration limit for non-constant Verilog loops                             ; 250                ; 250                ;
; Add Pass-Through Logic to Inferred RAMs                                    ; On                 ; On                 ;
; Infer RAMs from Raw Logic                                                  ; On                 ; On                 ;
; Parallel Synthesis                                                         ; On                 ; On                 ;
; DSP Block Balancing                                                        ; Auto               ; Auto               ;
; NOT Gate Push-Back                                                         ; On                 ; On                 ;
; Power-Up Don't Care                                                        ; On                 ; On                 ;
; Remove Redundant Logic Cells                                               ; Off                ; Off                ;
; Remove Duplicate Registers                                                 ; On                 ; On                 ;
; Ignore CARRY Buffers                                                       ; Off                ; Off                ;
; Ignore CASCADE Buffers                                                     ; Off                ; Off                ;
; Ignore GLOBAL Buffers                                                      ; Off                ; Off                ;
; Ignore ROW GLOBAL Buffers                                                  ; Off                ; Off                ;
; Ignore LCELL Buffers                                                       ; Off                ; Off                ;
; Ignore SOFT Buffers                                                        ; On                 ; On                 ;
; Limit AHDL Integers to 32 Bits                                             ; Off                ; Off                ;
; Optimization Technique                                                     ; Balanced           ; Balanced           ;
; Carry Chain Length                                                         ; 70                 ; 70                 ;
; Auto Carry Chains                                                          ; On                 ; On                 ;
; Auto Open-Drain Pins                                                       ; On                 ; On                 ;
; Perform WYSIWYG Primitive Resynthesis                                      ; Off                ; Off                ;
; Auto ROM Replacement                                                       ; On                 ; On                 ;
; Auto RAM Replacement                                                       ; On                 ; On                 ;
; Auto DSP Block Replacement                                                 ; On                 ; On                 ;
; Auto Shift Register Replacement                                            ; Auto               ; Auto               ;
; Allow Shift Register Merging across Hierarchies                            ; Auto               ; Auto               ;
; Auto Clock Enable Replacement                                              ; On                 ; On                 ;
; Strict RAM Replacement                                                     ; Off                ; Off                ;
; Allow Synchronous Control Signals                                          ; On                 ; On                 ;
; Force Use of Synchronous Clear Signals                                     ; Off                ; Off                ;
; Auto RAM Block Balancing                                                   ; On                 ; On                 ;
; Auto RAM to Logic Cell Conversion                                          ; Off                ; Off                ;
; Auto Resource Sharing                                                      ; Off                ; Off                ;
; Allow Any RAM Size For Recognition                                         ; Off                ; Off                ;
; Allow Any ROM Size For Recognition                                         ; Off                ; Off                ;
; Allow Any Shift Register Size For Recognition                              ; Off                ; Off                ;
; Use LogicLock Constraints during Resource Balancing                        ; On                 ; On                 ;
; Ignore translate_off and synthesis_off directives                          ; Off                ; Off                ;
; Timing-Driven Synthesis                                                    ; On                 ; On                 ;
; Report Parameter Settings                                                  ; On                 ; On                 ;
; Report Source Assignments                                                  ; On                 ; On                 ;
; Report Connectivity Checks                                                 ; On                 ; On                 ;
; Ignore Maximum Fan-Out Assignments                                         ; Off                ; Off                ;
; Synchronization Register Chain Length                                      ; 2                  ; 2                  ;
; PowerPlay Power Optimization                                               ; Normal compilation ; Normal compilation ;
; HDL message level                                                          ; Level2             ; Level2             ;
; Suppress Register Optimization Related Messages                            ; Off                ; Off                ;
; Number of Removed Registers Reported in Synthesis Report                   ; 5000               ; 5000               ;
; Number of Swept Nodes Reported in Synthesis Report                         ; 5000               ; 5000               ;
; Number of Inverted Registers Reported in Synthesis Report                  ; 100                ; 100                ;
; Clock MUX Protection                                                       ; On                 ; On                 ;
; Auto Gated Clock Conversion                                                ; Off                ; Off                ;
; Block Design Naming                                                        ; Auto               ; Auto               ;
; SDC constraint protection                                                  ; Off                ; Off                ;
; Synthesis Effort                                                           ; Auto               ; Auto               ;
; Shift Register Replacement - Allow Asynchronous Clear Signal               ; On                 ; On                 ;
; Pre-Mapping Resynthesis Optimization                                       ; Off                ; Off                ;
; Analysis & Synthesis Message Level                                         ; Medium             ; Medium             ;
; Disable Register Merging Across Hierarchies                                ; Auto               ; Auto               ;
; Resource Aware Inference For Block RAM                                     ; On                 ; On                 ;
; Synthesis Seed                                                             ; 1                  ; 1                  ;
+----------------------------------------------------------------------------+--------------------+--------------------+


Parallel compilation was disabled, but you have multiple processors available. Enable parallel compilation to reduce compilation time.
+-------------------------------------+
; Parallel Compilation                ;
+----------------------------+--------+
; Processors                 ; Number ;
+----------------------------+--------+
; Number detected on machine ; 8      ;
; Maximum allowed            ; 1      ;
+----------------------------+--------+


+----------------------------------------------------------------------------------------------------------------------------------------------------------------------------------+
; Analysis & Synthesis Source Files Read                                                                                                                                           ;
+----------------------------------+-----------------+-----------------+-------------------------------------------------------------------------------------------------+---------+
; File Name with User-Entered Path ; Used in Netlist ; File Type       ; File Name with Absolute Path                                                                    ; Library ;
+----------------------------------+-----------------+-----------------+-------------------------------------------------------------------------------------------------+---------+
; debouncer.vhd                    ; yes             ; User VHDL File  ; E:/Dropbox/2-2016/Lógica Programável e VHDL/vhdl-playground/light_rotator/debouncer.vhd         ;         ;
; light_rotator.vhd                ; yes             ; User VHDL File  ; E:/Dropbox/2-2016/Lógica Programável e VHDL/vhdl-playground/light_rotator/light_rotator.vhd     ;         ;
; frequency_divider.vhd            ; yes             ; User VHDL File  ; E:/Dropbox/2-2016/Lógica Programável e VHDL/vhdl-playground/light_rotator/frequency_divider.vhd ;         ;
+----------------------------------+-----------------+-----------------+-------------------------------------------------------------------------------------------------+---------+


+---------------------------------------------------------+
; Analysis & Synthesis Resource Usage Summary             ;
+---------------------------------------------+-----------+
; Resource                                    ; Usage     ;
+---------------------------------------------+-----------+
; Estimated Total logic elements              ; 60        ;
;                                             ;           ;
; Total combinational functions               ; 60        ;
; Logic element usage by number of LUT inputs ;           ;
;     -- 4 input functions                    ; 30        ;
;     -- 3 input functions                    ; 4         ;
;     -- <=2 input functions                  ; 26        ;
;                                             ;           ;
; Logic elements by mode                      ;           ;
;     -- normal mode                          ; 37        ;
;     -- arithmetic mode                      ; 23        ;
;                                             ;           ;
; Total registers                             ; 35        ;
;     -- Dedicated logic registers            ; 35        ;
;     -- I/O registers                        ; 0         ;
;                                             ;           ;
; I/O pins                                    ; 10        ;
; Embedded Multiplier 9-bit elements          ; 0         ;
; Maximum fan-out node                        ; rst~input ;
; Maximum fan-out                             ; 35        ;
; Total fan-out                               ; 303       ;
; Average fan-out                             ; 2.63      ;
+---------------------------------------------+-----------+


+----------------------------------------------------------------------------------------------------------------------------------------------------------------------------------------------------------------------+
; Analysis & Synthesis Resource Utilization by Entity                                                                                                                                                                  ;
+----------------------------------------+-------------------+--------------+-------------+--------------+---------+-----------+------+--------------+--------------------------------------------------+--------------+
; Compilation Hierarchy Node             ; LC Combinationals ; LC Registers ; Memory Bits ; DSP Elements ; DSP 9x9 ; DSP 18x18 ; Pins ; Virtual Pins ; Full Hierarchy Name                              ; Library Name ;
+----------------------------------------+-------------------+--------------+-------------+--------------+---------+-----------+------+--------------+--------------------------------------------------+--------------+
; |light_rotator                         ; 60 (16)           ; 35 (10)      ; 0           ; 0            ; 0       ; 0         ; 10   ; 0            ; |light_rotator                                   ; work         ;
;    |frequency_divider:lr_freq_divider| ; 44 (44)           ; 25 (25)      ; 0           ; 0            ; 0       ; 0         ; 0    ; 0            ; |light_rotator|frequency_divider:lr_freq_divider ; work         ;
+----------------------------------------+-------------------+--------------+-------------+--------------+---------+-----------+------+--------------+--------------------------------------------------+--------------+
Note: For table entries with two numbers listed, the numbers in parentheses indicate the number of resources of the given type used by the specific entity alone. The numbers listed outside of parentheses indicate the total resources of the given type used by the specific entity and all of its sub-entities in the hierarchy.


Encoding Type:  One-Hot
+---------------------------------------------------------------------------------------------------------------------------------------------------------------------------------------------------------+
; State Machine - |light_rotator|prev_state                                                                                                                                                               ;
+---------------+---------------+--------------+---------------+--------------+---------------+--------------+---------------+--------------+---------------+--------------+---------------+--------------+
; Name          ; prev_state.FA ; prev_state.F ; prev_state.EF ; prev_state.E ; prev_state.DE ; prev_state.D ; prev_state.CD ; prev_state.C ; prev_state.BC ; prev_state.B ; prev_state.AB ; prev_state.A ;
+---------------+---------------+--------------+---------------+--------------+---------------+--------------+---------------+--------------+---------------+--------------+---------------+--------------+
; prev_state.A  ; 0             ; 0            ; 0             ; 0            ; 0             ; 0            ; 0             ; 0            ; 0             ; 0            ; 0             ; 0            ;
; prev_state.AB ; 0             ; 0            ; 0             ; 0            ; 0             ; 0            ; 0             ; 0            ; 0             ; 0            ; 1             ; 1            ;
; prev_state.B  ; 0             ; 0            ; 0             ; 0            ; 0             ; 0            ; 0             ; 0            ; 0             ; 1            ; 0             ; 1            ;
; prev_state.BC ; 0             ; 0            ; 0             ; 0            ; 0             ; 0            ; 0             ; 0            ; 1             ; 0            ; 0             ; 1            ;
; prev_state.C  ; 0             ; 0            ; 0             ; 0            ; 0             ; 0            ; 0             ; 1            ; 0             ; 0            ; 0             ; 1            ;
; prev_state.CD ; 0             ; 0            ; 0             ; 0            ; 0             ; 0            ; 1             ; 0            ; 0             ; 0            ; 0             ; 1            ;
; prev_state.D  ; 0             ; 0            ; 0             ; 0            ; 0             ; 1            ; 0             ; 0            ; 0             ; 0            ; 0             ; 1            ;
; prev_state.DE ; 0             ; 0            ; 0             ; 0            ; 1             ; 0            ; 0             ; 0            ; 0             ; 0            ; 0             ; 1            ;
; prev_state.E  ; 0             ; 0            ; 0             ; 1            ; 0             ; 0            ; 0             ; 0            ; 0             ; 0            ; 0             ; 1            ;
; prev_state.EF ; 0             ; 0            ; 1             ; 0            ; 0             ; 0            ; 0             ; 0            ; 0             ; 0            ; 0             ; 1            ;
; prev_state.F  ; 0             ; 1            ; 0             ; 0            ; 0             ; 0            ; 0             ; 0            ; 0             ; 0            ; 0             ; 1            ;
; prev_state.FA ; 1             ; 0            ; 0             ; 0            ; 0             ; 0            ; 0             ; 0            ; 0             ; 0            ; 0             ; 1            ;
+---------------+---------------+--------------+---------------+--------------+---------------+--------------+---------------+--------------+---------------+--------------+---------------+--------------+


+--------------------------------------------------------------------------------+
; Registers Removed During Synthesis                                             ;
+---------------------------------------+----------------------------------------+
; Register name                         ; Reason for Removal                     ;
+---------------------------------------+----------------------------------------+
; prev_state.E                          ; Stuck at GND due to stuck port data_in ;
; prev_state.EF                         ; Stuck at GND due to stuck port data_in ;
; prev_state.F                          ; Stuck at GND due to stuck port data_in ;
; prev_state.FA                         ; Stuck at GND due to stuck port data_in ;
; Total Number of Removed Registers = 4 ;                                        ;
+---------------------------------------+----------------------------------------+


+------------------------------------------------------+
; General Register Statistics                          ;
+----------------------------------------------+-------+
; Statistic                                    ; Value ;
+----------------------------------------------+-------+
; Total registers                              ; 35    ;
; Number of registers using Synchronous Clear  ; 0     ;
; Number of registers using Synchronous Load   ; 0     ;
; Number of registers using Asynchronous Clear ; 35    ;
; Number of registers using Asynchronous Load  ; 0     ;
; Number of registers using Clock Enable       ; 0     ;
; Number of registers using Preset             ; 0     ;
+----------------------------------------------+-------+


+------------------------------------------------------------------------------------------------------------------------------------------+
; Multiplexer Restructuring Statistics (Restructuring Performed)                                                                           ;
+--------------------+-----------+---------------+----------------------+------------------------+------------+----------------------------+
; Multiplexer Inputs ; Bus Width ; Baseline Area ; Area if Restructured ; Saving if Restructured ; Registered ; Example Multiplexer Output ;
+--------------------+-----------+---------------+----------------------+------------------------+------------+----------------------------+
; 3:1                ; 2 bits    ; 4 LEs         ; 2 LEs                ; 2 LEs                  ; Yes        ; |light_rotator|t[1]        ;
+--------------------+-----------+---------------+----------------------+------------------------+------------+----------------------------+


+--------------------------------------------------------------------------------+
; Parameter Settings for User Entity Instance: frequency_divider:lr_freq_divider ;
+----------------+----------+----------------------------------------------------+
; Parameter Name ; Value    ; Type                                               ;
+----------------+----------+----------------------------------------------------+
; scaler         ; 12499999 ; Signed Integer                                     ;
+----------------+----------+----------------------------------------------------+
Note: In order to hide this table in the UI and the text report file, please set the "Show Parameter Settings in Synthesis Report" option in "Analysis and Synthesis Settings -> More Settings" to "Off".


+---------------------------------------------------------------------+
; Parameter Settings for User Entity Instance: debouncer:lr_debouncer ;
+----------------+-------+--------------------------------------------+
; Parameter Name ; Value ; Type                                       ;
+----------------+-------+--------------------------------------------+
; fclk           ; 50000 ; Signed Integer                             ;
; twindow        ; 20    ; Signed Integer                             ;
+----------------+-------+--------------------------------------------+
Note: In order to hide this table in the UI and the text report file, please set the "Show Parameter Settings in Synthesis Report" option in "Analysis and Synthesis Settings -> More Settings" to "Off".


+----------------------------------------------------------------------------------------------------------------+
; Port Connectivity Checks: "debouncer:lr_debouncer"                                                             ;
+------+--------+----------+-------------------------------------------------------------------------------------+
; Port ; Type   ; Severity ; Details                                                                             ;
+------+--------+----------+-------------------------------------------------------------------------------------+
; y    ; Output ; Info     ; Connected to dangling logic. Logic that only feeds a dangling port will be removed. ;
+------+--------+----------+-------------------------------------------------------------------------------------+


+-------------------------------+
; Elapsed Time Per Partition    ;
+----------------+--------------+
; Partition Name ; Elapsed Time ;
+----------------+--------------+
; Top            ; 00:00:00     ;
+----------------+--------------+


+--------------------------------+
; Analysis & Synthesis Equations ;
+--------------------------------+
The equations can be found in E:/Dropbox/2-2016/Lógica Programável e VHDL/vhdl-playground/light_rotator/output_files/light_rotator.map.eqn.


+-------------------------------+
; Analysis & Synthesis Messages ;
+-------------------------------+
Info: *******************************************************************
Info: Running Quartus II 64-Bit Analysis & Synthesis
    Info: Version 13.0.1 Build 232 06/12/2013 Service Pack 1 SJ Web Edition
    Info: Processing started: Wed Aug 17 11:44:14 2016
Info: Command: quartus_map --read_settings_files=on --write_settings_files=off light_rotator -c light_rotator
Warning (20028): Parallel compilation is not licensed and has been disabled
Info (12021): Found 2 design units, including 1 entities, in source file debouncer.vhd
    Info (12022): Found design unit 1: debouncer-a_debouncer
    Info (12023): Found entity 1: debouncer
Info (12021): Found 2 design units, including 1 entities, in source file light_rotator.vhd
    Info (12022): Found design unit 1: light_rotator-a_light_rotator
    Info (12023): Found entity 1: light_rotator
Info (12021): Found 2 design units, including 1 entities, in source file frequency_divider.vhd
    Info (12022): Found design unit 1: frequency_divider-a_frequency_divider
    Info (12023): Found entity 1: frequency_divider
Info (12127): Elaborating entity "light_rotator" for the top level hierarchy
Warning (10036): Verilog HDL or VHDL warning at light_rotator.vhd(40): object "debounced_stop" assigned a value but never read
Info (12128): Elaborating entity "frequency_divider" for hierarchy "frequency_divider:lr_freq_divider"
Info (12128): Elaborating entity "debouncer" for hierarchy "debouncer:lr_debouncer"
Warning (13024): Output pins are stuck at VCC or GND
    Warning (13410): Pin "ssd_display[0]" is stuck at VCC
    Warning (13410): Pin "ssd_display[1]" is stuck at VCC
Info (286030): Timing-Driven Synthesis is running
Info (16010): Generating hard_block partition "hard_block:auto_generated_inst"
    Info (16011): Adding 0 node(s), including 0 DDIO, 0 PLL, 0 transceiver and 0 LCELL
Warning (21074): Design contains 1 input pin(s) that do not drive logic
    Warning (15610): No output dependent on input pin "stop"
Info (21057): Implemented 70 device resources after synthesis - the final resource count might be different
    Info (21058): Implemented 3 input pins
    Info (21059): Implemented 7 output pins
    Info (21061): Implemented 60 logic cells
Info: Quartus II 64-Bit Analysis & Synthesis was successful. 0 errors, 7 warnings
    Info: Peak virtual memory: 487 megabytes
    Info: Processing ended: Wed Aug 17 11:44:17 2016
    Info: Elapsed time: 00:00:03
    Info: Total CPU time (on all processors): 00:00:02


